{"/home/juliette/Bureau/Modules/18-Tests/GildedRose-Refactoring-Kata/js-jest/src/gilded_rose.js": {"path":"/home/juliette/Bureau/Modules/18-Tests/GildedRose-Refactoring-Kata/js-jest/src/gilded_rose.js","statementMap":{"0":{"start":{"line":3,"column":4},"end":{"line":3,"column":21}},"1":{"start":{"line":4,"column":4},"end":{"line":4,"column":25}},"2":{"start":{"line":5,"column":4},"end":{"line":5,"column":27}},"3":{"start":{"line":11,"column":4},"end":{"line":11,"column":23}},"4":{"start":{"line":14,"column":4},"end":{"line":60,"column":5}},"5":{"start":{"line":14,"column":17},"end":{"line":14,"column":18}},"6":{"start":{"line":15,"column":6},"end":{"line":39,"column":7}},"7":{"start":{"line":16,"column":8},"end":{"line":22,"column":9}},"8":{"start":{"line":17,"column":10},"end":{"line":21,"column":11}},"9":{"start":{"line":18,"column":12},"end":{"line":18,"column":62}},"10":{"start":{"line":19,"column":17},"end":{"line":21,"column":11}},"11":{"start":{"line":20,"column":12},"end":{"line":20,"column":62}},"12":{"start":{"line":24,"column":8},"end":{"line":38,"column":9}},"13":{"start":{"line":25,"column":10},"end":{"line":25,"column":60}},"14":{"start":{"line":26,"column":10},"end":{"line":37,"column":11}},"15":{"start":{"line":27,"column":12},"end":{"line":31,"column":13}},"16":{"start":{"line":28,"column":14},"end":{"line":30,"column":15}},"17":{"start":{"line":29,"column":16},"end":{"line":29,"column":66}},"18":{"start":{"line":32,"column":12},"end":{"line":36,"column":13}},"19":{"start":{"line":33,"column":14},"end":{"line":35,"column":15}},"20":{"start":{"line":34,"column":16},"end":{"line":34,"column":66}},"21":{"start":{"line":40,"column":6},"end":{"line":42,"column":7}},"22":{"start":{"line":41,"column":8},"end":{"line":41,"column":56}},"23":{"start":{"line":43,"column":6},"end":{"line":59,"column":7}},"24":{"start":{"line":44,"column":8},"end":{"line":58,"column":9}},"25":{"start":{"line":45,"column":10},"end":{"line":53,"column":11}},"26":{"start":{"line":46,"column":12},"end":{"line":50,"column":13}},"27":{"start":{"line":47,"column":14},"end":{"line":49,"column":15}},"28":{"start":{"line":48,"column":16},"end":{"line":48,"column":66}},"29":{"start":{"line":52,"column":12},"end":{"line":52,"column":82}},"30":{"start":{"line":55,"column":10},"end":{"line":57,"column":11}},"31":{"start":{"line":56,"column":12},"end":{"line":56,"column":62}},"32":{"start":{"line":62,"column":4},"end":{"line":62,"column":22}},"33":{"start":{"line":66,"column":0},"end":{"line":69,"column":1}}},"fnMap":{"0":{"name":"(anonymous_0)","decl":{"start":{"line":2,"column":2},"end":{"line":2,"column":3}},"loc":{"start":{"line":2,"column":36},"end":{"line":6,"column":3}},"line":2},"1":{"name":"(anonymous_1)","decl":{"start":{"line":10,"column":2},"end":{"line":10,"column":3}},"loc":{"start":{"line":10,"column":23},"end":{"line":12,"column":3}},"line":10},"2":{"name":"(anonymous_2)","decl":{"start":{"line":13,"column":2},"end":{"line":13,"column":3}},"loc":{"start":{"line":13,"column":18},"end":{"line":63,"column":3}},"line":13}},"branchMap":{"0":{"loc":{"start":{"line":10,"column":14},"end":{"line":10,"column":22}},"type":"default-arg","locations":[{"start":{"line":10,"column":20},"end":{"line":10,"column":22}}],"line":10},"1":{"loc":{"start":{"line":15,"column":6},"end":{"line":39,"column":7}},"type":"if","locations":[{"start":{"line":15,"column":6},"end":{"line":39,"column":7}},{"start":{"line":15,"column":6},"end":{"line":39,"column":7}}],"line":15},"2":{"loc":{"start":{"line":15,"column":10},"end":{"line":15,"column":114}},"type":"binary-expr","locations":[{"start":{"line":15,"column":10},"end":{"line":15,"column":44}},{"start":{"line":15,"column":48},"end":{"line":15,"column":114}}],"line":15},"3":{"loc":{"start":{"line":16,"column":8},"end":{"line":22,"column":9}},"type":"if","locations":[{"start":{"line":16,"column":8},"end":{"line":22,"column":9}},{"start":{"line":16,"column":8},"end":{"line":22,"column":9}}],"line":16},"4":{"loc":{"start":{"line":17,"column":10},"end":{"line":21,"column":11}},"type":"if","locations":[{"start":{"line":17,"column":10},"end":{"line":21,"column":11}},{"start":{"line":17,"column":10},"end":{"line":21,"column":11}}],"line":17},"5":{"loc":{"start":{"line":17,"column":14},"end":{"line":17,"column":112}},"type":"binary-expr","locations":[{"start":{"line":17,"column":14},"end":{"line":17,"column":65}},{"start":{"line":17,"column":69},"end":{"line":17,"column":112}}],"line":17},"6":{"loc":{"start":{"line":19,"column":17},"end":{"line":21,"column":11}},"type":"if","locations":[{"start":{"line":19,"column":17},"end":{"line":21,"column":11}},{"start":{"line":19,"column":17},"end":{"line":21,"column":11}}],"line":19},"7":{"loc":{"start":{"line":24,"column":8},"end":{"line":38,"column":9}},"type":"if","locations":[{"start":{"line":24,"column":8},"end":{"line":38,"column":9}},{"start":{"line":24,"column":8},"end":{"line":38,"column":9}}],"line":24},"8":{"loc":{"start":{"line":26,"column":10},"end":{"line":37,"column":11}},"type":"if","locations":[{"start":{"line":26,"column":10},"end":{"line":37,"column":11}},{"start":{"line":26,"column":10},"end":{"line":37,"column":11}}],"line":26},"9":{"loc":{"start":{"line":27,"column":12},"end":{"line":31,"column":13}},"type":"if","locations":[{"start":{"line":27,"column":12},"end":{"line":31,"column":13}},{"start":{"line":27,"column":12},"end":{"line":31,"column":13}}],"line":27},"10":{"loc":{"start":{"line":28,"column":14},"end":{"line":30,"column":15}},"type":"if","locations":[{"start":{"line":28,"column":14},"end":{"line":30,"column":15}},{"start":{"line":28,"column":14},"end":{"line":30,"column":15}}],"line":28},"11":{"loc":{"start":{"line":32,"column":12},"end":{"line":36,"column":13}},"type":"if","locations":[{"start":{"line":32,"column":12},"end":{"line":36,"column":13}},{"start":{"line":32,"column":12},"end":{"line":36,"column":13}}],"line":32},"12":{"loc":{"start":{"line":33,"column":14},"end":{"line":35,"column":15}},"type":"if","locations":[{"start":{"line":33,"column":14},"end":{"line":35,"column":15}},{"start":{"line":33,"column":14},"end":{"line":35,"column":15}}],"line":33},"13":{"loc":{"start":{"line":40,"column":6},"end":{"line":42,"column":7}},"type":"if","locations":[{"start":{"line":40,"column":6},"end":{"line":42,"column":7}},{"start":{"line":40,"column":6},"end":{"line":42,"column":7}}],"line":40},"14":{"loc":{"start":{"line":43,"column":6},"end":{"line":59,"column":7}},"type":"if","locations":[{"start":{"line":43,"column":6},"end":{"line":59,"column":7}},{"start":{"line":43,"column":6},"end":{"line":59,"column":7}}],"line":43},"15":{"loc":{"start":{"line":44,"column":8},"end":{"line":58,"column":9}},"type":"if","locations":[{"start":{"line":44,"column":8},"end":{"line":58,"column":9}},{"start":{"line":44,"column":8},"end":{"line":58,"column":9}}],"line":44},"16":{"loc":{"start":{"line":45,"column":10},"end":{"line":53,"column":11}},"type":"if","locations":[{"start":{"line":45,"column":10},"end":{"line":53,"column":11}},{"start":{"line":45,"column":10},"end":{"line":53,"column":11}}],"line":45},"17":{"loc":{"start":{"line":46,"column":12},"end":{"line":50,"column":13}},"type":"if","locations":[{"start":{"line":46,"column":12},"end":{"line":50,"column":13}},{"start":{"line":46,"column":12},"end":{"line":50,"column":13}}],"line":46},"18":{"loc":{"start":{"line":47,"column":14},"end":{"line":49,"column":15}},"type":"if","locations":[{"start":{"line":47,"column":14},"end":{"line":49,"column":15}},{"start":{"line":47,"column":14},"end":{"line":49,"column":15}}],"line":47},"19":{"loc":{"start":{"line":55,"column":10},"end":{"line":57,"column":11}},"type":"if","locations":[{"start":{"line":55,"column":10},"end":{"line":57,"column":11}},{"start":{"line":55,"column":10},"end":{"line":57,"column":11}}],"line":55}},"s":{"0":7,"1":7,"2":7,"3":7,"4":7,"5":7,"6":7,"7":4,"8":3,"9":2,"10":1,"11":1,"12":3,"13":3,"14":3,"15":2,"16":2,"17":2,"18":2,"19":2,"20":2,"21":7,"22":7,"23":7,"24":4,"25":3,"26":2,"27":1,"28":1,"29":1,"30":1,"31":1,"32":7,"33":1},"f":{"0":7,"1":7,"2":7},"b":{"0":[0],"1":[4,3],"2":[7,6],"3":[3,1],"4":[2,1],"5":[3,3],"6":[1,0],"7":[3,0],"8":[2,1],"9":[2,0],"10":[2,0],"11":[2,0],"12":[2,0],"13":[7,0],"14":[4,3],"15":[3,1],"16":[2,1],"17":[1,1],"18":[1,0],"19":[1,0]},"_coverageSchema":"43e27e138ebf9cfc5966b082cf9a028302ed4184","hash":"cebe8380b4ceb7634179f1e583bf7ee4b1b19d34"}
}
