TN:
SF:/home/juliette/Bureau/Modules/18-Tests/GildedRose-Refactoring-Kata/js-jest/src/gilded_rose.js
FN:2,(anonymous_0)
FN:10,(anonymous_1)
FN:13,(anonymous_2)
FNF:3
FNH:3
FNDA:7,(anonymous_0)
FNDA:7,(anonymous_1)
FNDA:7,(anonymous_2)
DA:3,7
DA:4,7
DA:5,7
DA:11,7
DA:14,7
DA:15,7
DA:16,4
DA:17,3
DA:18,2
DA:19,1
DA:20,1
DA:24,3
DA:25,3
DA:26,3
DA:27,2
DA:28,2
DA:29,2
DA:32,2
DA:33,2
DA:34,2
DA:40,7
DA:41,7
DA:43,7
DA:44,4
DA:45,3
DA:46,2
DA:47,1
DA:48,1
DA:52,1
DA:55,1
DA:56,1
DA:62,7
DA:66,1
LF:33
LH:33
BRDA:10,0,0,0
BRDA:15,1,0,4
BRDA:15,1,1,3
BRDA:15,2,0,7
BRDA:15,2,1,6
BRDA:16,3,0,3
BRDA:16,3,1,1
BRDA:17,4,0,2
BRDA:17,4,1,1
BRDA:17,5,0,3
BRDA:17,5,1,3
BRDA:19,6,0,1
BRDA:19,6,1,0
BRDA:24,7,0,3
BRDA:24,7,1,0
BRDA:26,8,0,2
BRDA:26,8,1,1
BRDA:27,9,0,2
BRDA:27,9,1,0
BRDA:28,10,0,2
BRDA:28,10,1,0
BRDA:32,11,0,2
BRDA:32,11,1,0
BRDA:33,12,0,2
BRDA:33,12,1,0
BRDA:40,13,0,7
BRDA:40,13,1,0
BRDA:43,14,0,4
BRDA:43,14,1,3
BRDA:44,15,0,3
BRDA:44,15,1,1
BRDA:45,16,0,2
BRDA:45,16,1,1
BRDA:46,17,0,1
BRDA:46,17,1,1
BRDA:47,18,0,1
BRDA:47,18,1,0
BRDA:55,19,0,1
BRDA:55,19,1,0
BRF:39
BRH:29
end_of_record
